[2024-12-09 20:25:30] Iniciando backup
Backup criado: superviso_20241209_202530.dump
Data: Mon Dec  9 20:25:30 -03 2024
Tamanho: 8.0K
Status: Sucesso
----------------------------------------
[2024-12-09 20:34:18] Iniciando backup
Backup criado: superviso_20241209_203418.dump
Data: Mon Dec  9 20:34:18 -03 2024
Tamanho: 8.0K
Status: Sucesso
----------------------------------------
[2024-12-09 20:41:35] Iniciando backup
Backup criado: superviso_20241209_204135.dump
Data: Mon Dec  9 20:41:35 -03 2024
Tamanho: 8.0K
Status: Sucesso
----------------------------------------
[2024-12-09 20:42:02] Iniciando backup
Backup criado: superviso_20241209_204202.dump
Data: Mon Dec  9 20:42:02 -03 2024
Tamanho: 8.0K
Status: Sucesso
----------------------------------------
[2024-12-09 20:42:09] Iniciando backup
Backup criado: superviso_20241209_204209.dump
Data: Mon Dec  9 20:42:09 -03 2024
Tamanho: 8.0K
Status: Sucesso
----------------------------------------
